#
# An unexpected error has been detected by Java Runtime Environment:
#
#  EXCEPTION_ACCESS_VIOLATION (0xc0000005) at pc=0x0bbf1a9b, pid=2112, tid=2736
#
# Java VM: Java HotSpot(TM) Client VM (11.3-b02 mixed mode windows-x86)
# Problematic frame:
# C  [jmddraw.dll+0x1a9b]
#
# If you would like to submit a bug report, please visit:
#   http://java.sun.com/webapps/bugreport/crash.jsp
# The crash happened outside the Java Virtual Machine in native code.
# See problematic frame for where to report the bug.
#

---------------  T H R E A D  ---------------

Current thread (0x0af79000):  JavaThread "Loop thread: com.sun.media.renderer.video.DDRenderer@1578aab" [_thread_in_native, id=2736, stack(0x0c090000,0x0c0e0000)]

siginfo: ExceptionCode=0xc0000005, writing address 0x00000000

Registers:
EAX=0x00000000, EBX=0x0be10410, ECX=0x00000000, EDX=0x6d9e002d
ESP=0x0c0df658, EBP=0x0d670020, ESI=0x0af79114, EDI=0x00000000
EIP=0x0bbf1a9b, EFLAGS=0x00010202

Top of Stack: (sp=0x0c0df658)
0x0c0df658:   0af79000 071fdab8 0c0df7a8 071fdab8
0x0c0df668:   12156000 00000000 0d670020 000cdaa0
0x0c0df678:   00000000 6d9e002d 0c0df798 00000004
0x0c0df688:   0af6963c 0af69640 0af69644 0af698c0
0x0c0df698:   0af69824 0af69638 00000000 00000000
0x0c0df6a8:   00000000 00000000 00000280 000001e0
0x0c0df6b8:   7ff9e000 0c0df71c 7c80262a 0c0df6d8
0x0c0df6c8:   7c802600 0af6de20 7c802530 0af6de00 

Instructions: (pc=0x0bbf1a9b)
0x0bbf1a8b:   00 50 e8 6b 07 00 00 8b 54 24 28 8b f8 83 c4 04
0x0bbf1a9b:   89 17 8b 43 1c 8d 54 24 24 8b 08 52 8d 54 24 38 


Stack: [0x0c090000,0x0c0e0000],  sp=0x0c0df658,  free space=317k
Native frames: (J=compiled Java code, j=interpreted, Vv=VM code, C=native code)
C  [jmddraw.dll+0x1a9b]

Java frames: (J=compiled Java code, j=interpreted, Vv=VM code)
j  com.sun.media.renderer.video.DDRenderer.dxDraw(Ljava/lang/Object;JII)Z+0
j  com.sun.media.renderer.video.DDRenderer.doProcess(Ljavax/media/Buffer;)I+217
j  com.sun.media.renderer.video.BasicVideoRenderer.process(Ljavax/media/Buffer;)I+18
j  com.sun.media.BasicRendererModule.processBuffer(Ljavax/media/Buffer;)I+357
j  com.sun.media.BasicRendererModule.scheduleBuffer(Ljavax/media/Buffer;)Z+164
j  com.sun.media.BasicRendererModule.doProcess()Z+330
j  com.sun.media.RenderThread.process()Z+4
j  com.sun.media.util.LoopThread.run()V+14
v  ~StubRoutines::call_stub

---------------  P R O C E S S  ---------------

Java Threads: ( => current thread )
=>0x0af79000 JavaThread "Loop thread: com.sun.media.renderer.video.DDRenderer@1578aab" [_thread_in_native, id=2736, stack(0x0c090000,0x0c0e0000)]
  0x0af76800 JavaThread "Loop thread: com.sun.media.parser.RawBufferParser$FrameTrack@1884a40" [_thread_blocked, id=2544, stack(0x0bb80000,0x0bbd0000)]
  0x0af72400 JavaThread "Loop thread" [_thread_blocked, id=2408, stack(0x0bcc0000,0x0bd10000)]
  0x0af6e400 JavaThread "VFW TransferDataThread" [_thread_blocked, id=3680, stack(0x0bc70000,0x0bcc0000)]
  0x0af64800 JavaThread "VFW VideoPollThread" [_thread_blocked, id=2004, stack(0x0bc20000,0x0bc70000)]
  0x0af57000 JavaThread "JMF thread: SendEventQueue: com.sun.media.PlaybackEngine" [_thread_blocked, id=3248, stack(0x0bb30000,0x0bb80000)]
  0x0af47c00 JavaThread "JMF thread: SendEventQueue: com.sun.media.content.unknown.Handler" [_thread_blocked, id=3476, stack(0x0bae0000,0x0bb30000)]
  0x0af02800 JavaThread "VFW Request Thread" [_thread_blocked, id=3456, stack(0x0b4a0000,0x0b4f0000)]
  0x0aecc400 JavaThread "AWT-EventQueue-1" [_thread_blocked, id=3368, stack(0x0b240000,0x0b290000)]
  0x002a7000 JavaThread "DestroyJavaVM" [_thread_blocked, id=2372, stack(0x008c0000,0x00910000)]
  0x0ae91c00 JavaThread "AWT-EventQueue-0" [_thread_blocked, id=3324, stack(0x0b1b0000,0x0b200000)]
  0x0ae8e000 JavaThread "thread applet-siscapereader/_WebCanCapture.class" [_thread_blocked, id=2232, stack(0x0b160000,0x0b1b0000)]
  0x0ae84800 JavaThread "AWT-Shutdown" [_thread_blocked, id=176, stack(0x0b080000,0x0b0d0000)]
  0x0ae82400 JavaThread "Java2D Disposer" daemon [_thread_blocked, id=3024, stack(0x0b030000,0x0b080000)]
  0x0aac3400 JavaThread "Low Memory Detector" daemon [_thread_blocked, id=2592, stack(0x0ad10000,0x0ad60000)]
  0x0aac0400 JavaThread "CompilerThread0" daemon [_thread_blocked, id=2540, stack(0x0acc0000,0x0ad10000)]
  0x0aabec00 JavaThread "Attach Listener" daemon [_thread_blocked, id=3572, stack(0x0ac70000,0x0acc0000)]
  0x0aabd800 JavaThread "Signal Dispatcher" daemon [_thread_blocked, id=3036, stack(0x0ac20000,0x0ac70000)]
  0x0aaad800 JavaThread "Finalizer" daemon [_thread_blocked, id=1192, stack(0x0abd0000,0x0ac20000)]
  0x0aaa9000 JavaThread "Reference Handler" daemon [_thread_blocked, id=468, stack(0x0ab80000,0x0abd0000)]

Other Threads:
  0x0aaa5800 VMThread [stack: 0x0ab30000,0x0ab80000] [id=1640]
  0x0aad6c00 WatcherThread [stack: 0x0ad60000,0x0adb0000] [id=2504]

VM state:not at safepoint (normal execution)

VM Mutex/Monitor currently owned by a thread: None

Heap
 def new generation   total 2304K, used 1681K [0x02990000, 0x02c10000, 0x02e70000)
  eden space 2048K,  82% used [0x02990000, 0x02b34478, 0x02b90000)
  from space 256K,   0% used [0x02b90000, 0x02b90160, 0x02bd0000)
  to   space 256K,   0% used [0x02bd0000, 0x02bd0000, 0x02c10000)
 tenured generation   total 29836K, used 24734K [0x02e70000, 0x04b93000, 0x06990000)
   the space 29836K,  82% used [0x02e70000, 0x04697898, 0x04697a00, 0x04b93000)
 compacting perm gen  total 12288K, used 9381K [0x06990000, 0x07590000, 0x0a990000)
   the space 12288K,  76% used [0x06990000, 0x072b95d0, 0x072b9600, 0x07590000)
No shared spaces configured.

Dynamic libraries:
0x00400000 - 0x00424000 	C:\Arquivos de programas\Java\jdk1.6.0_13\jre\bin\java.exe
0x7c900000 - 0x7c9b4000 	C:\WINDOWS\system32\ntdll.dll
0x7c800000 - 0x7c8fe000 	C:\WINDOWS\system32\kernel32.dll
0x77f50000 - 0x77ffb000 	C:\WINDOWS\system32\ADVAPI32.dll
0x77db0000 - 0x77e41000 	C:\WINDOWS\system32\RPCRT4.dll
0x7c340000 - 0x7c396000 	C:\Arquivos de programas\Java\jdk1.6.0_13\jre\bin\msvcr71.dll
0x6d8b0000 - 0x6db06000 	C:\Arquivos de programas\Java\jdk1.6.0_13\jre\bin\client\jvm.dll
0x77d20000 - 0x77db0000 	C:\WINDOWS\system32\USER32.dll
0x77e50000 - 0x77e96000 	C:\WINDOWS\system32\GDI32.dll
0x76b20000 - 0x76b4e000 	C:\WINDOWS\system32\WINMM.dll
0x6d340000 - 0x6d348000 	C:\Arquivos de programas\Java\jdk1.6.0_13\jre\bin\hpi.dll
0x76bd0000 - 0x76bdb000 	C:\WINDOWS\system32\PSAPI.DLL
0x6d860000 - 0x6d86c000 	C:\Arquivos de programas\Java\jdk1.6.0_13\jre\bin\verify.dll
0x6d3e0000 - 0x6d3ff000 	C:\Arquivos de programas\Java\jdk1.6.0_13\jre\bin\java.dll
0x6d8a0000 - 0x6d8af000 	C:\Arquivos de programas\Java\jdk1.6.0_13\jre\bin\zip.dll
0x6d0b0000 - 0x6d1fa000 	C:\Arquivos de programas\Java\jdk1.6.0_13\jre\bin\awt.dll
0x72fb0000 - 0x72fd6000 	C:\WINDOWS\system32\WINSPOOL.DRV
0x77bf0000 - 0x77c48000 	C:\WINDOWS\system32\msvcrt.dll
0x76360000 - 0x7637d000 	C:\WINDOWS\system32\IMM32.dll
0x774c0000 - 0x775fc000 	C:\WINDOWS\system32\ole32.dll
0x773b0000 - 0x774b2000 	C:\WINDOWS\WinSxS\x86_Microsoft.Windows.Common-Controls_6595b64144ccf1df_6.0.2600.2180_x-ww_a84f1ff9\comctl32.dll
0x77ea0000 - 0x77f16000 	C:\WINDOWS\system32\SHLWAPI.dll
0x5b1c0000 - 0x5b1f8000 	C:\WINDOWS\system32\uxtheme.dll
0x6d2e0000 - 0x6d334000 	C:\Arquivos de programas\Java\jdk1.6.0_13\jre\bin\fontmanager.dll
0x746e0000 - 0x7472b000 	C:\WINDOWS\system32\MSCTF.dll
0x6d6c0000 - 0x6d6d3000 	C:\Arquivos de programas\Java\jdk1.6.0_13\jre\bin\net.dll
0x71a70000 - 0x71a87000 	C:\WINDOWS\system32\WS2_32.dll
0x71a60000 - 0x71a68000 	C:\WINDOWS\system32\WS2HELP.dll
0x6d6e0000 - 0x6d6e9000 	C:\Arquivos de programas\Java\jdk1.6.0_13\jre\bin\nio.dll
0x7c9c0000 - 0x7d1db000 	C:\WINDOWS\system32\shell32.dll
0x10000000 - 0x10015000 	C:\WINDOWS\system32\jmutil.dll
0x0b330000 - 0x0b33d000 	C:\WINDOWS\system32\jmvfw.dll
0x73b30000 - 0x73b43000 	C:\WINDOWS\system32\AVICAP32.dll
0x77be0000 - 0x77be8000 	C:\WINDOWS\system32\VERSION.dll
0x75b80000 - 0x75ba1000 	C:\WINDOWS\system32\MSVFW32.dll
0x73b70000 - 0x73b76000 	C:\WINDOWS\system32\DCIMAN32.DLL
0x76c10000 - 0x76c3e000 	C:\WINDOWS\system32\WINTRUST.dll
0x77a60000 - 0x77af5000 	C:\WINDOWS\system32\CRYPT32.dll
0x77b00000 - 0x77b12000 	C:\WINDOWS\system32\MSASN1.dll
0x76c70000 - 0x76c98000 	C:\WINDOWS\system32\IMAGEHLP.dll
0x72cd0000 - 0x72cd9000 	C:\WINDOWS\system32\wdmaud.drv
0x72cc0000 - 0x72cc8000 	C:\WINDOWS\system32\msacm32.drv
0x77bc0000 - 0x77bd5000 	C:\WINDOWS\system32\MSACM32.dll
0x77bb0000 - 0x77bb7000 	C:\WINDOWS\system32\midimap.dll
0x5b130000 - 0x5b140000 	C:\WINDOWS\system32\vfwwdm32.dll
0x73e90000 - 0x73e94000 	C:\WINDOWS\system32\ksuser.dll
0x77100000 - 0x7718c000 	C:\WINDOWS\system32\OLEAUT32.dll
0x76fb0000 - 0x7702f000 	C:\WINDOWS\system32\CLBCATQ.DLL
0x77030000 - 0x770fd000 	C:\WINDOWS\system32\COMRes.dll
0x76620000 - 0x76631000 	C:\WINDOWS\system32\devenum.dll
0x77900000 - 0x779f5000 	C:\WINDOWS\system32\setupapi.dll
0x73660000 - 0x73667000 	C:\WINDOWS\system32\msdmo.dll
0x68f30000 - 0x68f53000 	C:\WINDOWS\system32\ksproxy.ax
0x751b0000 - 0x751ba000 	C:\WINDOWS\system32\vidcap.ax
0x76b00000 - 0x76b11000 	C:\WINDOWS\system32\ATL.DLL
0x58410000 - 0x58429000 	C:\WINDOWS\system32\kswdmcap.ax
0x73d80000 - 0x73e7e000 	C:\WINDOWS\system32\MFC42.DLL
0x61e40000 - 0x61e4e000 	C:\WINDOWS\system32\MFC42LOC.DLL
0x75a40000 - 0x75a72000 	C:\WINDOWS\system32\qcap.dll
0x747d0000 - 0x7493e000 	C:\WINDOWS\system32\quartz.dll
0x0bbd0000 - 0x0bbdb000 	C:\WINDOWS\system32\jmvcm.dll
0x0bbf0000 - 0x0bbf8000 	C:\WINDOWS\system32\jmddraw.dll
0x73710000 - 0x73759000 	C:\WINDOWS\system32\DDRAW.dll
0x0bf10000 - 0x0bf34000 	C:\WINDOWS\system32\jmjpeg.dll
0x6d410000 - 0x6d416000 	C:\Arquivos de programas\Java\jdk1.6.0_13\jre\bin\jawt.dll
0x0b360000 - 0x0b369000 	C:\WINDOWS\system32\jmfjawt.dll
0x6d620000 - 0x6d6b3000 	C:\Arquivos de programas\Java\jdk1.6.0_13\jre\bin\mlib_image.dll
0x6d500000 - 0x6d524000 	C:\Arquivos de programas\Java\jdk1.6.0_13\jre\bin\jpeg.dll
0x6d220000 - 0x6d24f000 	C:\Arquivos de programas\Java\jdk1.6.0_13\jre\bin\cmm.dll

VM Arguments:
jvm_args: -Xbootclasspath/p:C:\Arquivos de programas\NetBeans 6.9.1\java\modules\ext\jaxws22\api\jaxws-api.jar;C:\Arquivos de programas\NetBeans 6.9.1\ide\modules\ext\jaxb\api\jaxb-api.jar -Dfile.encoding=UTF-8 -Djava.security.policy=applet.policy 
java_command: sun.applet.AppletViewer file:C:/Documents and Settings/Roger/Meus documentos/NetBeansProjects/SISCAPEReader/build/_WebCanCapture.html
Launcher Type: SUN_STANDARD

Environment Variables:
JAVA_HOME=C:\Arquivos de programas\Java\jdk1.6.0_13
CLASSPATH=C:\Arquivos de programas\JMF2.1.1e\lib\sound.jar;C:\Arquivos de programas\JMF2.1.1e\lib\jmf.jar;C:\Arquivos de programas\JMF2.1.1e\lib;
PATH=C:\WINDOWS\system32;C:\WINDOWS;C:\WINDOWS\System32\Wbem;C:\Arquivos de programas\Java;C:\Arquivos de programas\Java\jdk1.6.0_13\bin;C:\Arquivos de programas\JMF2.1.1e\lib\sound.jar;C:\Arquivos de programas\JMF2.1.1e\lib\jmf.jar;C:\Arquivos de programas\JMF2.1.1e\lib;C:\Arquivos de programas\Subversion\bin
USERNAME=Roger
OS=Windows_NT
PROCESSOR_IDENTIFIER=x86 Family 6 Model 15 Stepping 13, GenuineIntel



---------------  S Y S T E M  ---------------

OS: Windows XP Build 2600 Service Pack 2

CPU:total 2 (2 cores per cpu, 1 threads per core) family 6 model 15 stepping 13, cmov, cx8, fxsr, mmx, sse, sse2, sse3, ssse3

Memory: 4k page, physical 2097151k(2097151k free), swap 4194303k(4194303k free)

vm_info: Java HotSpot(TM) Client VM (11.3-b02) for windows-x86 JRE (1.6.0_13-b03), built on Mar  9 2009 01:15:24 by "java_re" with MS VC++ 7.1

time: Wed Dec 07 20:40:13 2011
elapsed time: 9 seconds

